TN:test_out
SF:/home/andeo/GitHub/Study_C_CPP/project/blanks_lib/src/list_blanks.c
FN:8,create_list
FNDA:28,create_list
FN:45,insert
FNDA:26,insert
FN:69,print_list
FNDA:24,print_list
FN:83,free_list_blank
FNDA:28,free_list_blank
FNF:4
FNH:4
DA:8,28
DA:9,28
DA:10,28
DA:11,0
DA:12,0
DA:15,28
DA:16,28
DA:17,0
DA:18,0
DA:21,28
DA:22,28
DA:23,0
DA:24,0
DA:25,0
DA:28,28
DA:29,28
DA:30,0
DA:31,0
DA:32,0
DA:33,0
DA:34,0
DA:37,28
DA:39,28
DA:40,28
DA:42,28
DA:45,26
DA:46,26
DA:47,6
DA:48,6
DA:51,20
DA:52,16
DA:53,16
DA:56,4
DA:58,8
DA:59,8
DA:60,4
DA:63,4
DA:66,0
DA:69,24
DA:70,24
DA:72,24
DA:74,34
DA:75,10
DA:77,10
DA:80,24
DA:83,28
DA:84,82
DA:85,54
DA:87,54
DA:89,54
DA:92,28
DA:93,28
DA:95,28
DA:97,28
LF:54
LH:41
end_of_record
TN:test_out
SF:/home/andeo/GitHub/Study_C_CPP/project/blanks_lib/src/blank.c
FN:8,insert_node
FNDA:4,insert_node
FN:26,push_front
FNDA:6,push_front
FN:43,push_back
FNDA:16,push_back
FN:60,print_numbers_chain
FNDA:34,print_numbers_chain
FNF:4
FNH:4
DA:8,4
DA:9,4
DA:10,4
DA:11,0
DA:12,0
DA:15,4
DA:17,4
DA:18,4
DA:20,4
DA:21,4
DA:23,4
DA:26,6
DA:27,6
DA:28,6
DA:29,0
DA:30,0
DA:33,6
DA:35,6
DA:36,6
DA:38,6
DA:40,6
DA:43,16
DA:44,16
DA:45,16
DA:46,0
DA:47,0
DA:50,16
DA:52,16
DA:53,16
DA:55,16
DA:57,16
DA:60,34
DA:61,34
DA:63,46
DA:64,22
DA:65,10
DA:67,12
DA:69,12
DA:72,34
DA:74,34
LF:40
LH:34
end_of_record
TN:test_out
SF:/home/andeo/GitHub/Study_C_CPP/project/blanks_lib/src/utils.c
FN:10,create_str
FNDA:56,create_str
FN:26,create_format
FNDA:18,create_format
FNF:2
FNH:2
DA:10,56
DA:11,56
DA:13,56
DA:14,56
DA:15,0
DA:16,0
DA:19,56
DA:21,56
DA:23,56
DA:26,18
DA:27,18
DA:28,18
DA:29,0
DA:30,0
DA:33,18
DA:35,18
LF:16
LH:12
end_of_record
TN:test_out
SF:/home/andeo/GitHub/Study_C_CPP/project/blanks_lib/src/list_parts.c
FN:19,find_combination
FNDA:44,find_combination
FN:34,create_part
FNDA:26,create_part
FN:52,input
FNDA:6,input
FN:156,output_parts
FNDA:6,output_parts
FN:191,free_list_parts
FNDA:8,free_list_parts
FNF:5
FNH:5
DA:19,44
DA:20,44
DA:22,94
DA:23,74
DA:24,30
DA:25,24
DA:28,50
DA:31,20
DA:34,26
DA:35,26
DA:36,26
DA:37,0
DA:38,0
DA:41,26
DA:42,26
DA:43,0
DA:44,0
DA:47,26
DA:49,26
DA:52,6
DA:53,6
DA:55,6
DA:56,6
DA:57,6
DA:58,0
DA:59,0
DA:63,6
DA:64,6
DA:66,6
DA:67,6
DA:68,0
DA:71,6
DA:72,6
DA:73,0
DA:75,6
DA:76,6
DA:77,0
DA:82,58
DA:83,52
DA:85,52
DA:87,52
DA:89,52
DA:90,52
DA:91,4
DA:92,4
DA:95,48
DA:99,48
DA:100,0
DA:101,0
DA:103,48
DA:106,48
DA:107,2
DA:108,2
DA:112,46
DA:113,6
DA:114,6
DA:115,0
DA:118,6
DA:119,6
DA:120,6
DA:123,40
DA:124,40
DA:125,22
DA:126,0
DA:127,0
DA:130,18
DA:131,18
DA:132,0
DA:133,0
DA:136,18
DA:138,18
DA:142,6
DA:143,6
DA:144,6
DA:146,6
DA:148,6
DA:149,0
DA:150,0
DA:153,6
DA:156,6
DA:157,6
DA:159,6
DA:160,4
DA:161,4
DA:162,0
DA:163,0
DA:166,2
DA:169,6
DA:171,30
DA:172,24
DA:174,24
DA:177,6
DA:178,2
DA:181,6
DA:182,4
DA:183,0
DA:184,0
DA:188,6
DA:191,8
DA:192,34
DA:193,26
DA:195,26
DA:197,26
DA:199,26
DA:202,8
DA:204,8
LF:106
LH:84
end_of_record
