TN:test_out
SF:/home/andeo/GitHub/Study_C_CPP/project/blanks_lib/src/list_blanks.c
FN:8,create_list
FNDA:294,create_list
FN:45,insert
FNDA:273,insert
FN:69,print_list
FNDA:252,print_list
FN:83,free_list_blank
FNDA:294,free_list_blank
FNF:4
FNH:4
DA:8,294
DA:9,294
DA:10,294
DA:11,0
DA:12,0
DA:15,294
DA:16,294
DA:17,0
DA:18,0
DA:21,294
DA:22,294
DA:23,0
DA:24,0
DA:25,0
DA:28,294
DA:29,294
DA:30,0
DA:31,0
DA:32,0
DA:33,0
DA:34,0
DA:37,294
DA:39,294
DA:40,294
DA:42,294
DA:45,273
DA:46,273
DA:47,63
DA:48,63
DA:51,210
DA:52,168
DA:53,168
DA:56,42
DA:58,84
DA:59,84
DA:60,42
DA:63,42
DA:66,0
DA:69,252
DA:70,252
DA:72,252
DA:74,357
DA:75,105
DA:77,105
DA:80,252
DA:83,294
DA:84,861
DA:85,567
DA:87,567
DA:89,567
DA:92,294
DA:93,294
DA:95,294
DA:97,294
LF:54
LH:41
end_of_record
TN:test_out
SF:/home/andeo/GitHub/Study_C_CPP/project/blanks_lib/src/blank.c
FN:8,insert_node
FNDA:42,insert_node
FN:26,push_front
FNDA:63,push_front
FN:43,push_back
FNDA:168,push_back
FN:60,print_numbers_chain
FNDA:357,print_numbers_chain
FNF:4
FNH:4
DA:8,42
DA:9,42
DA:10,42
DA:11,0
DA:12,0
DA:15,42
DA:17,42
DA:18,42
DA:20,42
DA:21,42
DA:23,42
DA:26,63
DA:27,63
DA:28,63
DA:29,0
DA:30,0
DA:33,63
DA:35,63
DA:36,63
DA:38,63
DA:40,63
DA:43,168
DA:44,168
DA:45,168
DA:46,0
DA:47,0
DA:50,168
DA:52,168
DA:53,168
DA:55,168
DA:57,168
DA:60,357
DA:61,357
DA:63,483
DA:64,231
DA:65,105
DA:67,126
DA:69,126
DA:72,357
DA:74,357
LF:40
LH:34
end_of_record
TN:test_out
SF:/home/andeo/GitHub/Study_C_CPP/project/blanks_lib/src/utils.c
FN:10,create_str
FNDA:588,create_str
FN:26,create_format
FNDA:189,create_format
FNF:2
FNH:2
DA:10,588
DA:11,588
DA:13,588
DA:14,588
DA:15,0
DA:16,0
DA:19,588
DA:21,588
DA:23,588
DA:26,189
DA:27,189
DA:28,189
DA:29,0
DA:30,0
DA:33,189
DA:35,189
LF:16
LH:12
end_of_record
TN:test_out
SF:/home/andeo/GitHub/Study_C_CPP/project/blanks_lib/src/list_parts.c
FN:19,find_combination
FNDA:462,find_combination
FN:34,create_part
FNDA:273,create_part
FN:52,input
FNDA:63,input
FN:156,output_parts
FNDA:63,output_parts
FN:191,free_list_parts
FNDA:84,free_list_parts
FNF:5
FNH:5
DA:19,462
DA:20,462
DA:22,987
DA:23,777
DA:24,315
DA:25,252
DA:28,525
DA:31,210
DA:34,273
DA:35,273
DA:36,273
DA:37,0
DA:38,0
DA:41,273
DA:42,273
DA:43,0
DA:44,0
DA:47,273
DA:49,273
DA:52,63
DA:53,63
DA:55,63
DA:56,63
DA:57,63
DA:58,0
DA:59,0
DA:63,63
DA:64,63
DA:66,63
DA:67,63
DA:68,0
DA:71,63
DA:72,63
DA:73,0
DA:75,63
DA:76,63
DA:77,0
DA:82,609
DA:83,546
DA:85,546
DA:87,546
DA:89,546
DA:90,546
DA:91,42
DA:92,42
DA:95,504
DA:99,504
DA:100,0
DA:101,0
DA:103,504
DA:106,504
DA:107,21
DA:108,21
DA:112,483
DA:113,63
DA:114,63
DA:115,0
DA:118,63
DA:119,63
DA:120,63
DA:123,420
DA:124,420
DA:125,231
DA:126,0
DA:127,0
DA:130,189
DA:131,189
DA:132,0
DA:133,0
DA:136,189
DA:138,189
DA:142,63
DA:143,63
DA:144,63
DA:146,63
DA:148,63
DA:149,0
DA:150,0
DA:153,63
DA:156,63
DA:157,63
DA:159,63
DA:160,42
DA:161,42
DA:162,0
DA:163,0
DA:166,21
DA:169,63
DA:171,315
DA:172,252
DA:174,252
DA:177,63
DA:178,21
DA:181,63
DA:182,42
DA:183,0
DA:184,0
DA:188,63
DA:191,84
DA:192,357
DA:193,273
DA:195,273
DA:197,273
DA:199,273
DA:202,84
DA:204,84
LF:106
LH:84
end_of_record
