TN:test_out
SF:/Hw/project/blanks_lib/src/list_blanks.c
FN:8,create_list
FNDA:4,create_list
FN:27,insert
FNDA:4,insert
FN:49,print_list
FNDA:0,print_list
FN:61,free_list_blank
FNDA:4,free_list_blank
DA:8,4
DA:9,4
DA:10,4
DA:12,4
DA:14,4
DA:16,4
DA:17,4
DA:19,4
DA:21,4
DA:22,4
DA:24,4
DA:27,4
DA:28,4
DA:29,2
DA:30,2
DA:33,2
DA:34,2
DA:35,2
DA:38,0
DA:40,0
DA:41,0
DA:42,0
DA:46,0
DA:49,0
DA:50,0
DA:52,0
DA:54,0
DA:55,0
DA:57,0
DA:59,0
DA:61,4
DA:62,12
DA:63,8
DA:65,8
DA:67,8
DA:70,4
DA:71,4
DA:73,4
DA:74,4
end_of_record
TN:test_out
SF:/Hw/project/blanks_lib/src/blank.c
FN:8,insert_node
FNDA:0,insert_node
FN:23,push_front
FNDA:2,push_front
FN:37,push_back
FNDA:2,push_back
FN:51,print_numbers_chain
FNDA:0,print_numbers_chain
DA:8,0
DA:9,0
DA:10,0
DA:12,0
DA:14,0
DA:15,0
DA:17,0
DA:18,0
DA:20,0
DA:23,2
DA:24,2
DA:25,2
DA:27,2
DA:29,2
DA:30,2
DA:32,2
DA:34,2
DA:37,2
DA:38,2
DA:39,2
DA:41,2
DA:43,2
DA:44,2
DA:46,2
DA:48,2
DA:51,0
DA:52,0
DA:54,0
DA:55,0
DA:56,0
DA:58,0
DA:60,0
DA:63,0
DA:65,0
end_of_record
TN:test_out
SF:/Hw/project/blanks_lib/src/utils.c
FN:10,create_str
FNDA:12,create_str
FN:23,scan_data
FNDA:0,scan_data
DA:10,12
DA:11,12
DA:13,12
DA:14,12
DA:16,12
DA:18,12
DA:20,12
DA:23,0
DA:24,0
DA:30,0
DA:32,0
DA:33,0
DA:36,0
DA:38,0
end_of_record
TN:test_out
SF:/Hw/project/blanks_lib/src/list_parts.c
FN:12,find_combination
FNDA:4,find_combination
FN:27,create_part
FNDA:2,create_part
FN:38,input
FNDA:0,input
FN:108,output_parts
FNDA:0,output_parts
FN:129,free_list_parts
FNDA:2,free_list_parts
DA:12,4
DA:13,4
DA:15,6
DA:16,4
DA:17,2
DA:18,2
DA:21,2
DA:24,2
DA:27,2
DA:28,2
DA:29,2
DA:31,2
DA:33,2
DA:35,2
DA:38,0
DA:39,0
DA:40,0
DA:42,0
DA:43,0
DA:47,0
DA:48,0
DA:49,0
DA:50,0
DA:53,0
DA:54,0
DA:55,0
DA:56,0
DA:58,0
DA:61,0
DA:62,0
DA:63,0
DA:64,0
DA:65,0
DA:67,0
DA:69,0
DA:70,0
DA:71,0
DA:72,0
DA:74,0
DA:76,0
DA:77,0
DA:78,0
DA:79,0
DA:80,0
DA:83,0
DA:84,0
DA:85,0
DA:87,0
DA:89,0
DA:90,0
DA:92,0
DA:93,0
DA:95,0
DA:96,0
DA:98,0
DA:103,0
DA:105,0
DA:108,0
DA:109,0
DA:111,0
DA:112,0
DA:113,0
DA:116,0
DA:118,0
DA:119,0
DA:121,0
DA:124,0
DA:125,0
DA:127,0
DA:129,2
DA:130,4
DA:131,2
DA:133,2
DA:135,2
DA:137,2
DA:140,2
DA:141,2
end_of_record
